<?xml version="1.0" encoding="UTF-8"?>
<!-- Generated by org.testng.reporters.JUnitReportReporter -->
<testsuite hostname="Srihithas-MacBook-Pro.local" failures="0" tests="4" name="pac1.TC0010_groups" time="0.007" errors="0" timestamp="2025-08-26T15:28:30 IST" skipped="1">
  <testcase classname="pac1.TC0010_groups" name="test3" time="0.000"/>
  <system-out/>
  <testcase classname="pac1.TC0010_groups" name="test2" time="0.006"/>
  <system-out/>
  <testcase classname="pac1.TC0010_groups" name="test4" time="0.001"/>
  <system-out/>
  <testcase classname="pac1.TC0010_groups" name="test1">
    <skipped/>
  </testcase> <!-- test1 -->
  <system-out/>
</testsuite> <!-- pac1.TC0010_groups -->
