<?xml version="1.0" encoding="UTF-8"?>
<!-- Generated by org.testng.reporters.JUnitReportReporter -->
<testsuite hostname="Srihithas-MacBook-Pro.local" failures="0" tests="1" name="pac1.Lab4TestNGTest" time="1.994" errors="0" timestamp="2025-08-26T11:53:05 IST" skipped="0">
  <testcase classname="pac1.Lab4TestNGTest" name="testLab4Flow" time="1.994"/>
  <system-out/>
</testsuite> <!-- pac1.Lab4TestNGTest -->
