<?xml version="1.0" encoding="UTF-8"?>
<!-- Generated by org.testng.reporters.JUnitReportReporter -->
<testsuite hostname="Srihithas-MacBook-Pro.local" failures="0" tests="2" name="project.Testcases" time="7.396" errors="0" timestamp="2025-08-28T18:10:19 IST" skipped="0">
  <testcase classname="project.Testcases" name="loginTest" time="5.707"/>
  <system-out/>
  <testcase classname="project.Testcases" name="logoutTest" time="1.689"/>
  <system-out/>
</testsuite> <!-- project.Testcases -->
