<?xml version="1.0" encoding="UTF-8"?>
<!-- Generated by org.testng.reporters.JUnitReportReporter -->
<testsuite hostname="Srihithas-MacBook-Pro.local" failures="0" tests="3" name="pac1.Lab_9_TestNG" time="11.589" errors="0" timestamp="2025-08-26T16:03:00 IST" skipped="0">
  <testcase classname="pac1.Lab_9_TestNG" name="lab3" time="3.124"/>
  <system-out/>
  <testcase classname="pac1.Lab_9_TestNG" name="lab3" time="3.125"/>
  <system-out/>
  <testcase classname="pac1.Lab_9_TestNG" name="lab3" time="5.340"/>
  <system-out/>
</testsuite> <!-- pac1.Lab_9_TestNG -->
