<?xml version="1.0" encoding="UTF-8"?>
<!-- Generated by org.testng.reporters.JUnitReportReporter -->
<testsuite hostname="Srihithas-MacBook-Pro.local" failures="0" tests="3" name="pac1.Lab3TestNG" time="10.306" errors="0" timestamp="2025-08-26T15:54:36 IST" skipped="0">
  <testcase classname="pac1.Lab3TestNG" name="lab3" time="2.583"/>
  <system-out/>
  <testcase classname="pac1.Lab3TestNG" name="lab3" time="3.260"/>
  <system-out/>
  <testcase classname="pac1.Lab3TestNG" name="lab3" time="4.463"/>
  <system-out/>
</testsuite> <!-- pac1.Lab3TestNG -->
