<?xml version="1.0" encoding="UTF-8"?>
<!-- Generated by org.testng.reporters.JUnitReportReporter -->
<testsuite hostname="Srihithas-MacBook-Pro.local" failures="0" tests="3" name="pac1.Lab9TestNG3" time="10.212" errors="0" timestamp="2025-08-26T16:25:49 IST" skipped="0">
  <testcase classname="pac1.Lab9TestNG3" name="lab3" time="2.978"/>
  <system-out/>
  <testcase classname="pac1.Lab9TestNG3" name="lab3" time="2.807"/>
  <system-out/>
  <testcase classname="pac1.Lab9TestNG3" name="lab3" time="4.427"/>
  <system-out/>
</testsuite> <!-- pac1.Lab9TestNG3 -->
