<?xml version="1.0" encoding="UTF-8"?>
<!-- Generated by org.testng.reporters.JUnitReportReporter -->
<testsuite hostname="Srihithas-MacBook-Pro.local" failures="0" tests="3" name="pac1.Lab4TestNG" time="9.818" errors="0" timestamp="2025-08-26T15:54:36 IST" skipped="0">
  <testcase classname="pac1.Lab4TestNG" name="searchFunctionalityTest" time="2.535"/>
  <system-out/>
  <testcase classname="pac1.Lab4TestNG" name="searchFunctionalityTest" time="4.566"/>
  <system-out/>
  <testcase classname="pac1.Lab4TestNG" name="searchFunctionalityTest" time="2.717"/>
  <system-out/>
</testsuite> <!-- pac1.Lab4TestNG -->
