<?xml version="1.0" encoding="UTF-8"?>
<!-- Generated by org.testng.reporters.JUnitReportReporter -->
<testsuite hostname="Srihithas-MacBook-Pro.local" failures="0" tests="3" name="pac1.Lab9TestNG4" time="12.223" errors="0" timestamp="2025-08-26T16:25:49 IST" skipped="0">
  <testcase classname="pac1.Lab9TestNG4" name="searchFunctionalityTest" time="3.783"/>
  <system-out/>
  <testcase classname="pac1.Lab9TestNG4" name="searchFunctionalityTest" time="5.477"/>
  <system-out/>
  <testcase classname="pac1.Lab9TestNG4" name="searchFunctionalityTest" time="2.963"/>
  <system-out/>
</testsuite> <!-- pac1.Lab9TestNG4 -->
