<?xml version="1.0" encoding="UTF-8"?>
<!-- Generated by org.testng.reporters.JUnitReportReporter -->
<testsuite hostname="Srihithas-MacBook-Pro.local" failures="0" tests="1" name="pac1.Lab3TestNGTest" time="2.928" errors="0" timestamp="2025-08-26T11:16:04 IST" skipped="0">
  <testcase classname="pac1.Lab3TestNGTest" name="lab3" time="2.928"/>
  <system-out>
    <![CDATA[Opened TutorialsNinja site
Navigated to Mac page
Sorted by Name (A-Z)
Verified product is visible]]>
  </system-out>
</testsuite> <!-- pac1.Lab3TestNGTest -->
